<?xml version="1.0" encoding="UTF-8"?>
<!-- Generated by org.testng.reporters.JUnitXMLReporter -->
<testsuite ignored="33" hostname="DESKTOP-GJ87CR3" failures="7" tests="12" name="Smoke Tests" time="54.06" errors="0" timestamp="2026-06-09T15:36:44 ICT">
  <testcase classname="com.gearvault.tests.LoginTest" name="testLoginSuccessAsAdmin" time="1.489">
    <failure type="org.openqa.selenium.ElementClickInterceptedException" message="element click intercepted: Element is not clickable at point (381, 533)
  (Session info: chrome=148.0.7778.217)
Build info: version: &amp;apos;4.18.1&amp;apos;, revision: &amp;apos;b1d3319b48&amp;apos;
System info: os.name: &amp;apos;Windows 11&amp;apos;, os.arch: &amp;apos;amd64&amp;apos;, os.version: &amp;apos;10.0&amp;apos;, java.version: &amp;apos;21.0.11&amp;apos;
Driver info: org.openqa.selenium.chrome.ChromeDriver
Command: [3263ea1aee6971212815aea9484b7276, clickElement {id=f.9F7889DE4EFAF234304990A464717EA6.d.A0B775448AEC3E691B1EFC3F191B46B8.e.6}]
Capabilities {acceptInsecureCerts: false, browserName: chrome, browserVersion: 148.0.7778.217, chrome: {chromedriverVersion: 148.0.7778.178 (d096af1c9e9..., userDataDir: C:\Users\ACER\AppData\Local...}, fedcm:accounts: true, goog:chromeOptions: {debuggerAddress: localhost:65457}, goog:processID: 30204, networkConnectionEnabled: false, pageLoadStrategy: normal, platformName: windows, proxy: Proxy(), se:cdp: ws://localhost:65457/devtoo..., se:cdpVersion: 148.0.7778.217, setWindowRect: true, strictFileInteractability: false, timeouts: {implicit: 0, pageLoad: 300000, script: 30000}, unhandledPromptBehavior: dismiss and notify, webauthn:extension:credBlob: true, webauthn:extension:largeBlob: true, webauthn:extension:minPinLength: true, webauthn:extension:prf: true, webauthn:virtualAuthenticators: true}
Element: [[ChromeDriver: chrome on windows (3263ea1aee6971212815aea9484b7276)] -&amp;gt; xpath: //button[@type=&amp;apos;submit&amp;apos;]]
Session ID: 3263ea1aee6971212815aea9484b7276">
      <![CDATA[org.openqa.selenium.ElementClickInterceptedException: element click intercepted: Element is not clickable at point (381, 533)
  (Session info: chrome=148.0.7778.217)
Build info: version: '4.18.1', revision: 'b1d3319b48'
System info: os.name: 'Windows 11', os.arch: 'amd64', os.version: '10.0', java.version: '21.0.11'
Driver info: org.openqa.selenium.chrome.ChromeDriver
Command: [3263ea1aee6971212815aea9484b7276, clickElement {id=f.9F7889DE4EFAF234304990A464717EA6.d.A0B775448AEC3E691B1EFC3F191B46B8.e.6}]
Capabilities {acceptInsecureCerts: false, browserName: chrome, browserVersion: 148.0.7778.217, chrome: {chromedriverVersion: 148.0.7778.178 (d096af1c9e9..., userDataDir: C:\Users\ACER\AppData\Local...}, fedcm:accounts: true, goog:chromeOptions: {debuggerAddress: localhost:65457}, goog:processID: 30204, networkConnectionEnabled: false, pageLoadStrategy: normal, platformName: windows, proxy: Proxy(), se:cdp: ws://localhost:65457/devtoo..., se:cdpVersion: 148.0.7778.217, setWindowRect: true, strictFileInteractability: false, timeouts: {implicit: 0, pageLoad: 300000, script: 30000}, unhandledPromptBehavior: dismiss and notify, webauthn:extension:credBlob: true, webauthn:extension:largeBlob: true, webauthn:extension:minPinLength: true, webauthn:extension:prf: true, webauthn:virtualAuthenticators: true}
Element: [[ChromeDriver: chrome on windows (3263ea1aee6971212815aea9484b7276)] -> xpath: //button[@type='submit']]
Session ID: 3263ea1aee6971212815aea9484b7276
at org.openqa.selenium.remote.ErrorCodec.decode(ErrorCodec.java:167)
at org.openqa.selenium.remote.codec.w3c.W3CHttpResponseCodec.decode(W3CHttpResponseCodec.java:138)
at org.openqa.selenium.remote.codec.w3c.W3CHttpResponseCodec.decode(W3CHttpResponseCodec.java:50)
at org.openqa.selenium.remote.HttpCommandExecutor.execute(HttpCommandExecutor.java:190)
at org.openqa.selenium.remote.service.DriverCommandExecutor.invokeExecute(DriverCommandExecutor.java:216)
at org.openqa.selenium.remote.service.DriverCommandExecutor.execute(DriverCommandExecutor.java:174)
at org.openqa.selenium.remote.RemoteWebDriver.execute(RemoteWebDriver.java:519)
at org.openqa.selenium.remote.RemoteWebElement.execute(RemoteWebElement.java:223)
at org.openqa.selenium.remote.RemoteWebElement.click(RemoteWebElement.java:76)
at org.openqa.selenium.support.pagefactory.internal.LocatingElementHandler.invoke(LocatingElementHandler.java:51)
at jdk.proxy2/jdk.proxy2.$Proxy14.click(Unknown Source)
at com.gearvault.pages.BasePage.click(BasePage.java:55)
at com.gearvault.pages.LoginPage.login(LoginPage.java:72)
at com.gearvault.tests.LoginTest.testLoginSuccessAsAdmin(LoginTest.java:69)
at java.base/java.util.ArrayList.forEach(ArrayList.java:1596)
... Removed 34 stack frames]]>
    </failure>
  </testcase> <!-- testLoginSuccessAsAdmin -->
  <testcase classname="com.gearvault.tests.LoginTest" name="testLoginSuccessAsUser" time="1.564">
    <failure type="org.openqa.selenium.ElementClickInterceptedException" message="element click intercepted: Element is not clickable at point (381, 532)
  (Session info: chrome=148.0.7778.217)
Build info: version: &amp;apos;4.18.1&amp;apos;, revision: &amp;apos;b1d3319b48&amp;apos;
System info: os.name: &amp;apos;Windows 11&amp;apos;, os.arch: &amp;apos;amd64&amp;apos;, os.version: &amp;apos;10.0&amp;apos;, java.version: &amp;apos;21.0.11&amp;apos;
Driver info: org.openqa.selenium.chrome.ChromeDriver
Command: [e9ea68da2c094cc31f805c5681bdf2a5, clickElement {id=f.180F793BDA968CAD43EE888C196A725C.d.8E78F61D01DA753206E6A5888A5B8445.e.6}]
Capabilities {acceptInsecureCerts: false, browserName: chrome, browserVersion: 148.0.7778.217, chrome: {chromedriverVersion: 148.0.7778.178 (d096af1c9e9..., userDataDir: C:\Users\ACER\AppData\Local...}, fedcm:accounts: true, goog:chromeOptions: {debuggerAddress: localhost:51724}, goog:processID: 30552, networkConnectionEnabled: false, pageLoadStrategy: normal, platformName: windows, proxy: Proxy(), se:cdp: ws://localhost:51724/devtoo..., se:cdpVersion: 148.0.7778.217, setWindowRect: true, strictFileInteractability: false, timeouts: {implicit: 0, pageLoad: 300000, script: 30000}, unhandledPromptBehavior: dismiss and notify, webauthn:extension:credBlob: true, webauthn:extension:largeBlob: true, webauthn:extension:minPinLength: true, webauthn:extension:prf: true, webauthn:virtualAuthenticators: true}
Element: [[ChromeDriver: chrome on windows (e9ea68da2c094cc31f805c5681bdf2a5)] -&amp;gt; xpath: //button[@type=&amp;apos;submit&amp;apos;]]
Session ID: e9ea68da2c094cc31f805c5681bdf2a5">
      <![CDATA[org.openqa.selenium.ElementClickInterceptedException: element click intercepted: Element is not clickable at point (381, 532)
  (Session info: chrome=148.0.7778.217)
Build info: version: '4.18.1', revision: 'b1d3319b48'
System info: os.name: 'Windows 11', os.arch: 'amd64', os.version: '10.0', java.version: '21.0.11'
Driver info: org.openqa.selenium.chrome.ChromeDriver
Command: [e9ea68da2c094cc31f805c5681bdf2a5, clickElement {id=f.180F793BDA968CAD43EE888C196A725C.d.8E78F61D01DA753206E6A5888A5B8445.e.6}]
Capabilities {acceptInsecureCerts: false, browserName: chrome, browserVersion: 148.0.7778.217, chrome: {chromedriverVersion: 148.0.7778.178 (d096af1c9e9..., userDataDir: C:\Users\ACER\AppData\Local...}, fedcm:accounts: true, goog:chromeOptions: {debuggerAddress: localhost:51724}, goog:processID: 30552, networkConnectionEnabled: false, pageLoadStrategy: normal, platformName: windows, proxy: Proxy(), se:cdp: ws://localhost:51724/devtoo..., se:cdpVersion: 148.0.7778.217, setWindowRect: true, strictFileInteractability: false, timeouts: {implicit: 0, pageLoad: 300000, script: 30000}, unhandledPromptBehavior: dismiss and notify, webauthn:extension:credBlob: true, webauthn:extension:largeBlob: true, webauthn:extension:minPinLength: true, webauthn:extension:prf: true, webauthn:virtualAuthenticators: true}
Element: [[ChromeDriver: chrome on windows (e9ea68da2c094cc31f805c5681bdf2a5)] -> xpath: //button[@type='submit']]
Session ID: e9ea68da2c094cc31f805c5681bdf2a5
at org.openqa.selenium.remote.ErrorCodec.decode(ErrorCodec.java:167)
at org.openqa.selenium.remote.codec.w3c.W3CHttpResponseCodec.decode(W3CHttpResponseCodec.java:138)
at org.openqa.selenium.remote.codec.w3c.W3CHttpResponseCodec.decode(W3CHttpResponseCodec.java:50)
at org.openqa.selenium.remote.HttpCommandExecutor.execute(HttpCommandExecutor.java:190)
at org.openqa.selenium.remote.service.DriverCommandExecutor.invokeExecute(DriverCommandExecutor.java:216)
at org.openqa.selenium.remote.service.DriverCommandExecutor.execute(DriverCommandExecutor.java:174)
at org.openqa.selenium.remote.RemoteWebDriver.execute(RemoteWebDriver.java:519)
at org.openqa.selenium.remote.RemoteWebElement.execute(RemoteWebElement.java:223)
at org.openqa.selenium.remote.RemoteWebElement.click(RemoteWebElement.java:76)
at org.openqa.selenium.support.pagefactory.internal.LocatingElementHandler.invoke(LocatingElementHandler.java:51)
at jdk.proxy2/jdk.proxy2.$Proxy14.click(Unknown Source)
at com.gearvault.pages.BasePage.click(BasePage.java:55)
at com.gearvault.pages.LoginPage.login(LoginPage.java:72)
at com.gearvault.tests.LoginTest.testLoginSuccessAsUser(LoginTest.java:44)
at java.base/java.util.ArrayList.forEach(ArrayList.java:1596)
... Removed 34 stack frames]]>
    </failure>
  </testcase> <!-- testLoginSuccessAsUser -->
  <testcase classname="com.gearvault.tests.LoginTest" name="testOnClickLoginAsDemoUser" time="1.322">
    <failure type="org.openqa.selenium.ElementClickInterceptedException" message="element click intercepted: Element is not clickable at point (381, 544)
  (Session info: chrome=148.0.7778.217)
Build info: version: &amp;apos;4.18.1&amp;apos;, revision: &amp;apos;b1d3319b48&amp;apos;
System info: os.name: &amp;apos;Windows 11&amp;apos;, os.arch: &amp;apos;amd64&amp;apos;, os.version: &amp;apos;10.0&amp;apos;, java.version: &amp;apos;21.0.11&amp;apos;
Driver info: org.openqa.selenium.chrome.ChromeDriver
Command: [7ed9d9d9145d7b4102ac51ba62f8640b, clickElement {id=f.19509CE9A9CFEDDEE157346F020B8AB5.d.4004BEF187A32CC4051A439E051AA3D5.e.6}]
Capabilities {acceptInsecureCerts: false, browserName: chrome, browserVersion: 148.0.7778.217, chrome: {chromedriverVersion: 148.0.7778.178 (d096af1c9e9..., userDataDir: C:\Users\ACER\AppData\Local...}, fedcm:accounts: true, goog:chromeOptions: {debuggerAddress: localhost:49706}, goog:processID: 30408, networkConnectionEnabled: false, pageLoadStrategy: normal, platformName: windows, proxy: Proxy(), se:cdp: ws://localhost:49706/devtoo..., se:cdpVersion: 148.0.7778.217, setWindowRect: true, strictFileInteractability: false, timeouts: {implicit: 0, pageLoad: 300000, script: 30000}, unhandledPromptBehavior: dismiss and notify, webauthn:extension:credBlob: true, webauthn:extension:largeBlob: true, webauthn:extension:minPinLength: true, webauthn:extension:prf: true, webauthn:virtualAuthenticators: true}
Element: [[ChromeDriver: chrome on windows (7ed9d9d9145d7b4102ac51ba62f8640b)] -&amp;gt; xpath: //button[@type=&amp;apos;submit&amp;apos;]]
Session ID: 7ed9d9d9145d7b4102ac51ba62f8640b">
      <![CDATA[org.openqa.selenium.ElementClickInterceptedException: element click intercepted: Element is not clickable at point (381, 544)
  (Session info: chrome=148.0.7778.217)
Build info: version: '4.18.1', revision: 'b1d3319b48'
System info: os.name: 'Windows 11', os.arch: 'amd64', os.version: '10.0', java.version: '21.0.11'
Driver info: org.openqa.selenium.chrome.ChromeDriver
Command: [7ed9d9d9145d7b4102ac51ba62f8640b, clickElement {id=f.19509CE9A9CFEDDEE157346F020B8AB5.d.4004BEF187A32CC4051A439E051AA3D5.e.6}]
Capabilities {acceptInsecureCerts: false, browserName: chrome, browserVersion: 148.0.7778.217, chrome: {chromedriverVersion: 148.0.7778.178 (d096af1c9e9..., userDataDir: C:\Users\ACER\AppData\Local...}, fedcm:accounts: true, goog:chromeOptions: {debuggerAddress: localhost:49706}, goog:processID: 30408, networkConnectionEnabled: false, pageLoadStrategy: normal, platformName: windows, proxy: Proxy(), se:cdp: ws://localhost:49706/devtoo..., se:cdpVersion: 148.0.7778.217, setWindowRect: true, strictFileInteractability: false, timeouts: {implicit: 0, pageLoad: 300000, script: 30000}, unhandledPromptBehavior: dismiss and notify, webauthn:extension:credBlob: true, webauthn:extension:largeBlob: true, webauthn:extension:minPinLength: true, webauthn:extension:prf: true, webauthn:virtualAuthenticators: true}
Element: [[ChromeDriver: chrome on windows (7ed9d9d9145d7b4102ac51ba62f8640b)] -> xpath: //button[@type='submit']]
Session ID: 7ed9d9d9145d7b4102ac51ba62f8640b
at org.openqa.selenium.remote.ErrorCodec.decode(ErrorCodec.java:167)
at org.openqa.selenium.remote.codec.w3c.W3CHttpResponseCodec.decode(W3CHttpResponseCodec.java:138)
at org.openqa.selenium.remote.codec.w3c.W3CHttpResponseCodec.decode(W3CHttpResponseCodec.java:50)
at org.openqa.selenium.remote.HttpCommandExecutor.execute(HttpCommandExecutor.java:190)
at org.openqa.selenium.remote.service.DriverCommandExecutor.invokeExecute(DriverCommandExecutor.java:216)
at org.openqa.selenium.remote.service.DriverCommandExecutor.execute(DriverCommandExecutor.java:174)
at org.openqa.selenium.remote.RemoteWebDriver.execute(RemoteWebDriver.java:519)
at org.openqa.selenium.remote.RemoteWebElement.execute(RemoteWebElement.java:223)
at org.openqa.selenium.remote.RemoteWebElement.click(RemoteWebElement.java:76)
at org.openqa.selenium.support.pagefactory.internal.LocatingElementHandler.invoke(LocatingElementHandler.java:51)
at jdk.proxy2/jdk.proxy2.$Proxy14.click(Unknown Source)
at com.gearvault.pages.BasePage.click(BasePage.java:55)
at com.gearvault.pages.LoginPage.loginAsDemoUser(LoginPage.java:103)
at com.gearvault.tests.LoginTest.testOnClickLoginAsDemoUser(LoginTest.java:233)
at java.base/java.util.ArrayList.forEach(ArrayList.java:1596)
... Removed 34 stack frames]]>
    </failure>
  </testcase> <!-- testOnClickLoginAsDemoUser -->
  <testcase classname="com.gearvault.tests.RegisterTest" name="testRegisterSuccess" time="1.865">
    <failure type="org.openqa.selenium.ElementClickInterceptedException" message="element click intercepted: Element is not clickable at point (194, 542)
  (Session info: chrome=148.0.7778.217)
Build info: version: &amp;apos;4.18.1&amp;apos;, revision: &amp;apos;b1d3319b48&amp;apos;
System info: os.name: &amp;apos;Windows 11&amp;apos;, os.arch: &amp;apos;amd64&amp;apos;, os.version: &amp;apos;10.0&amp;apos;, java.version: &amp;apos;21.0.11&amp;apos;
Driver info: org.openqa.selenium.chrome.ChromeDriver
Command: [07bafd2cb83c8b63ef23ebe6a1711f5d, clickElement {id=f.09FC4DEEB304C65792834FF7844D4DD6.d.A7E08717FB6CCC0256E12B1BC8DC4344.e.8}]
Capabilities {acceptInsecureCerts: false, browserName: chrome, browserVersion: 148.0.7778.217, chrome: {chromedriverVersion: 148.0.7778.178 (d096af1c9e9..., userDataDir: C:\Users\ACER\AppData\Local...}, fedcm:accounts: true, goog:chromeOptions: {debuggerAddress: localhost:52215}, goog:processID: 30104, networkConnectionEnabled: false, pageLoadStrategy: normal, platformName: windows, proxy: Proxy(), se:cdp: ws://localhost:52215/devtoo..., se:cdpVersion: 148.0.7778.217, setWindowRect: true, strictFileInteractability: false, timeouts: {implicit: 0, pageLoad: 300000, script: 30000}, unhandledPromptBehavior: dismiss and notify, webauthn:extension:credBlob: true, webauthn:extension:largeBlob: true, webauthn:extension:minPinLength: true, webauthn:extension:prf: true, webauthn:virtualAuthenticators: true}
Element: [[ChromeDriver: chrome on windows (07bafd2cb83c8b63ef23ebe6a1711f5d)] -&amp;gt; css selector: input[type=&amp;apos;checkbox&amp;apos;]]
Session ID: 07bafd2cb83c8b63ef23ebe6a1711f5d">
      <![CDATA[org.openqa.selenium.ElementClickInterceptedException: element click intercepted: Element is not clickable at point (194, 542)
  (Session info: chrome=148.0.7778.217)
Build info: version: '4.18.1', revision: 'b1d3319b48'
System info: os.name: 'Windows 11', os.arch: 'amd64', os.version: '10.0', java.version: '21.0.11'
Driver info: org.openqa.selenium.chrome.ChromeDriver
Command: [07bafd2cb83c8b63ef23ebe6a1711f5d, clickElement {id=f.09FC4DEEB304C65792834FF7844D4DD6.d.A7E08717FB6CCC0256E12B1BC8DC4344.e.8}]
Capabilities {acceptInsecureCerts: false, browserName: chrome, browserVersion: 148.0.7778.217, chrome: {chromedriverVersion: 148.0.7778.178 (d096af1c9e9..., userDataDir: C:\Users\ACER\AppData\Local...}, fedcm:accounts: true, goog:chromeOptions: {debuggerAddress: localhost:52215}, goog:processID: 30104, networkConnectionEnabled: false, pageLoadStrategy: normal, platformName: windows, proxy: Proxy(), se:cdp: ws://localhost:52215/devtoo..., se:cdpVersion: 148.0.7778.217, setWindowRect: true, strictFileInteractability: false, timeouts: {implicit: 0, pageLoad: 300000, script: 30000}, unhandledPromptBehavior: dismiss and notify, webauthn:extension:credBlob: true, webauthn:extension:largeBlob: true, webauthn:extension:minPinLength: true, webauthn:extension:prf: true, webauthn:virtualAuthenticators: true}
Element: [[ChromeDriver: chrome on windows (07bafd2cb83c8b63ef23ebe6a1711f5d)] -> css selector: input[type='checkbox']]
Session ID: 07bafd2cb83c8b63ef23ebe6a1711f5d
at org.openqa.selenium.remote.ErrorCodec.decode(ErrorCodec.java:167)
at org.openqa.selenium.remote.codec.w3c.W3CHttpResponseCodec.decode(W3CHttpResponseCodec.java:138)
at org.openqa.selenium.remote.codec.w3c.W3CHttpResponseCodec.decode(W3CHttpResponseCodec.java:50)
at org.openqa.selenium.remote.HttpCommandExecutor.execute(HttpCommandExecutor.java:190)
at org.openqa.selenium.remote.service.DriverCommandExecutor.invokeExecute(DriverCommandExecutor.java:216)
at org.openqa.selenium.remote.service.DriverCommandExecutor.execute(DriverCommandExecutor.java:174)
at org.openqa.selenium.remote.RemoteWebDriver.execute(RemoteWebDriver.java:519)
at org.openqa.selenium.remote.RemoteWebElement.execute(RemoteWebElement.java:223)
at org.openqa.selenium.remote.RemoteWebElement.click(RemoteWebElement.java:76)
at org.openqa.selenium.support.pagefactory.internal.LocatingElementHandler.invoke(LocatingElementHandler.java:51)
at jdk.proxy2/jdk.proxy2.$Proxy14.click(Unknown Source)
at com.gearvault.pages.BasePage.click(BasePage.java:55)
at com.gearvault.pages.RegisterPage.checkAgreeToTerms(RegisterPage.java:83)
at com.gearvault.pages.RegisterPage.register(RegisterPage.java:105)
at com.gearvault.tests.RegisterTest.testRegisterSuccess(RegisterTest.java:40)
at java.base/java.util.ArrayList.forEach(ArrayList.java:1596)
... Removed 34 stack frames]]>
    </failure>
  </testcase> <!-- testRegisterSuccess -->
  <testcase classname="com.gearvault.tests.ProductTest" name="testAddToCartFromDetailPage" time="14.737">
    <failure type="org.openqa.selenium.ElementClickInterceptedException" message="element click intercepted: Element is not clickable at point (200, 1041)
  (Session info: chrome=148.0.7778.217)
Build info: version: &amp;apos;4.18.1&amp;apos;, revision: &amp;apos;b1d3319b48&amp;apos;
System info: os.name: &amp;apos;Windows 11&amp;apos;, os.arch: &amp;apos;amd64&amp;apos;, os.version: &amp;apos;10.0&amp;apos;, java.version: &amp;apos;21.0.11&amp;apos;
Driver info: org.openqa.selenium.chrome.ChromeDriver
Command: [0ad08ddb368f9b84dd0ac9b9850f382f, clickElement {id=f.3A5CD39D3A98301E13DD359038F288FA.d.B81D0DB3F2578D0188E44F5B6AFBE8BF.e.85}]
Capabilities {acceptInsecureCerts: false, browserName: chrome, browserVersion: 148.0.7778.217, chrome: {chromedriverVersion: 148.0.7778.178 (d096af1c9e9..., userDataDir: C:\Users\ACER\AppData\Local...}, fedcm:accounts: true, goog:chromeOptions: {debuggerAddress: localhost:56192}, goog:processID: 3340, networkConnectionEnabled: false, pageLoadStrategy: normal, platformName: windows, proxy: Proxy(), se:cdp: ws://localhost:56192/devtoo..., se:cdpVersion: 148.0.7778.217, setWindowRect: true, strictFileInteractability: false, timeouts: {implicit: 0, pageLoad: 300000, script: 30000}, unhandledPromptBehavior: dismiss and notify, webauthn:extension:credBlob: true, webauthn:extension:largeBlob: true, webauthn:extension:minPinLength: true, webauthn:extension:prf: true, webauthn:virtualAuthenticators: true}
Element: [[ChromeDriver: chrome on windows (0ad08ddb368f9b84dd0ac9b9850f382f)] -&amp;gt; xpath: //button[contains(normalize-space(),&amp;apos;Add to Cart&amp;apos;)]]
Session ID: 0ad08ddb368f9b84dd0ac9b9850f382f">
      <![CDATA[org.openqa.selenium.ElementClickInterceptedException: element click intercepted: Element is not clickable at point (200, 1041)
  (Session info: chrome=148.0.7778.217)
Build info: version: '4.18.1', revision: 'b1d3319b48'
System info: os.name: 'Windows 11', os.arch: 'amd64', os.version: '10.0', java.version: '21.0.11'
Driver info: org.openqa.selenium.chrome.ChromeDriver
Command: [0ad08ddb368f9b84dd0ac9b9850f382f, clickElement {id=f.3A5CD39D3A98301E13DD359038F288FA.d.B81D0DB3F2578D0188E44F5B6AFBE8BF.e.85}]
Capabilities {acceptInsecureCerts: false, browserName: chrome, browserVersion: 148.0.7778.217, chrome: {chromedriverVersion: 148.0.7778.178 (d096af1c9e9..., userDataDir: C:\Users\ACER\AppData\Local...}, fedcm:accounts: true, goog:chromeOptions: {debuggerAddress: localhost:56192}, goog:processID: 3340, networkConnectionEnabled: false, pageLoadStrategy: normal, platformName: windows, proxy: Proxy(), se:cdp: ws://localhost:56192/devtoo..., se:cdpVersion: 148.0.7778.217, setWindowRect: true, strictFileInteractability: false, timeouts: {implicit: 0, pageLoad: 300000, script: 30000}, unhandledPromptBehavior: dismiss and notify, webauthn:extension:credBlob: true, webauthn:extension:largeBlob: true, webauthn:extension:minPinLength: true, webauthn:extension:prf: true, webauthn:virtualAuthenticators: true}
Element: [[ChromeDriver: chrome on windows (0ad08ddb368f9b84dd0ac9b9850f382f)] -> xpath: //button[contains(normalize-space(),'Add to Cart')]]
Session ID: 0ad08ddb368f9b84dd0ac9b9850f382f
at org.openqa.selenium.remote.ErrorCodec.decode(ErrorCodec.java:167)
at org.openqa.selenium.remote.codec.w3c.W3CHttpResponseCodec.decode(W3CHttpResponseCodec.java:138)
at org.openqa.selenium.remote.codec.w3c.W3CHttpResponseCodec.decode(W3CHttpResponseCodec.java:50)
at org.openqa.selenium.remote.HttpCommandExecutor.execute(HttpCommandExecutor.java:190)
at org.openqa.selenium.remote.service.DriverCommandExecutor.invokeExecute(DriverCommandExecutor.java:216)
at org.openqa.selenium.remote.service.DriverCommandExecutor.execute(DriverCommandExecutor.java:174)
at org.openqa.selenium.remote.RemoteWebDriver.execute(RemoteWebDriver.java:519)
at org.openqa.selenium.remote.RemoteWebElement.execute(RemoteWebElement.java:223)
at org.openqa.selenium.remote.RemoteWebElement.click(RemoteWebElement.java:76)
at org.openqa.selenium.support.pagefactory.internal.LocatingElementHandler.invoke(LocatingElementHandler.java:51)
at jdk.proxy2/jdk.proxy2.$Proxy14.click(Unknown Source)
at com.gearvault.pages.BasePage.click(BasePage.java:55)
at com.gearvault.pages.ProductDetailPage.clickAddToCart(ProductDetailPage.java:140)
at com.gearvault.tests.ProductTest.testAddToCartFromDetailPage(ProductTest.java:241)
at java.base/java.util.ArrayList.forEach(ArrayList.java:1596)
... Removed 34 stack frames]]>
    </failure>
  </testcase> <!-- testAddToCartFromDetailPage -->
  <testcase classname="com.gearvault.tests.ProductTest" name="testClickProductCardOpensDetail" time="3.257"/>
  <testcase classname="com.gearvault.tests.ProductTest" name="testHomePageLoads" time="1.468"/>
  <testcase classname="com.gearvault.tests.ProductTest" name="testProductsPageLoads" time="2.926"/>
  <testcase classname="com.gearvault.tests.ProductTest" name="testShopNowNavigation" time="1.876"/>
  <testcase classname="com.gearvault.tests.CartTest" name="testAddProductToCart" time="4.408">
    <failure type="org.openqa.selenium.ElementClickInterceptedException" message="element click intercepted: Element is not clickable at point (200, 1085)
  (Session info: chrome=148.0.7778.217)
Build info: version: &amp;apos;4.18.1&amp;apos;, revision: &amp;apos;b1d3319b48&amp;apos;
System info: os.name: &amp;apos;Windows 11&amp;apos;, os.arch: &amp;apos;amd64&amp;apos;, os.version: &amp;apos;10.0&amp;apos;, java.version: &amp;apos;21.0.11&amp;apos;
Driver info: org.openqa.selenium.chrome.ChromeDriver
Command: [8893ff3489cd68b8dd49faba0802d9d2, clickElement {id=f.47075F1E11B5EEE5994364B6936F8971.d.62E8985E1AEACA527BA3DC02838B94A8.e.85}]
Capabilities {acceptInsecureCerts: false, browserName: chrome, browserVersion: 148.0.7778.217, chrome: {chromedriverVersion: 148.0.7778.178 (d096af1c9e9..., userDataDir: C:\Users\ACER\AppData\Local...}, fedcm:accounts: true, goog:chromeOptions: {debuggerAddress: localhost:64585}, goog:processID: 30324, networkConnectionEnabled: false, pageLoadStrategy: normal, platformName: windows, proxy: Proxy(), se:cdp: ws://localhost:64585/devtoo..., se:cdpVersion: 148.0.7778.217, setWindowRect: true, strictFileInteractability: false, timeouts: {implicit: 0, pageLoad: 300000, script: 30000}, unhandledPromptBehavior: dismiss and notify, webauthn:extension:credBlob: true, webauthn:extension:largeBlob: true, webauthn:extension:minPinLength: true, webauthn:extension:prf: true, webauthn:virtualAuthenticators: true}
Element: [[ChromeDriver: chrome on windows (8893ff3489cd68b8dd49faba0802d9d2)] -&amp;gt; xpath: //button[contains(normalize-space(),&amp;apos;Add to Cart&amp;apos;)]]
Session ID: 8893ff3489cd68b8dd49faba0802d9d2">
      <![CDATA[org.openqa.selenium.ElementClickInterceptedException: element click intercepted: Element is not clickable at point (200, 1085)
  (Session info: chrome=148.0.7778.217)
Build info: version: '4.18.1', revision: 'b1d3319b48'
System info: os.name: 'Windows 11', os.arch: 'amd64', os.version: '10.0', java.version: '21.0.11'
Driver info: org.openqa.selenium.chrome.ChromeDriver
Command: [8893ff3489cd68b8dd49faba0802d9d2, clickElement {id=f.47075F1E11B5EEE5994364B6936F8971.d.62E8985E1AEACA527BA3DC02838B94A8.e.85}]
Capabilities {acceptInsecureCerts: false, browserName: chrome, browserVersion: 148.0.7778.217, chrome: {chromedriverVersion: 148.0.7778.178 (d096af1c9e9..., userDataDir: C:\Users\ACER\AppData\Local...}, fedcm:accounts: true, goog:chromeOptions: {debuggerAddress: localhost:64585}, goog:processID: 30324, networkConnectionEnabled: false, pageLoadStrategy: normal, platformName: windows, proxy: Proxy(), se:cdp: ws://localhost:64585/devtoo..., se:cdpVersion: 148.0.7778.217, setWindowRect: true, strictFileInteractability: false, timeouts: {implicit: 0, pageLoad: 300000, script: 30000}, unhandledPromptBehavior: dismiss and notify, webauthn:extension:credBlob: true, webauthn:extension:largeBlob: true, webauthn:extension:minPinLength: true, webauthn:extension:prf: true, webauthn:virtualAuthenticators: true}
Element: [[ChromeDriver: chrome on windows (8893ff3489cd68b8dd49faba0802d9d2)] -> xpath: //button[contains(normalize-space(),'Add to Cart')]]
Session ID: 8893ff3489cd68b8dd49faba0802d9d2
at org.openqa.selenium.remote.ErrorCodec.decode(ErrorCodec.java:167)
at org.openqa.selenium.remote.codec.w3c.W3CHttpResponseCodec.decode(W3CHttpResponseCodec.java:138)
at org.openqa.selenium.remote.codec.w3c.W3CHttpResponseCodec.decode(W3CHttpResponseCodec.java:50)
at org.openqa.selenium.remote.HttpCommandExecutor.execute(HttpCommandExecutor.java:190)
at org.openqa.selenium.remote.service.DriverCommandExecutor.invokeExecute(DriverCommandExecutor.java:216)
at org.openqa.selenium.remote.service.DriverCommandExecutor.execute(DriverCommandExecutor.java:174)
at org.openqa.selenium.remote.RemoteWebDriver.execute(RemoteWebDriver.java:519)
at org.openqa.selenium.remote.RemoteWebElement.execute(RemoteWebElement.java:223)
at org.openqa.selenium.remote.RemoteWebElement.click(RemoteWebElement.java:76)
at org.openqa.selenium.support.pagefactory.internal.LocatingElementHandler.invoke(LocatingElementHandler.java:51)
at jdk.proxy2/jdk.proxy2.$Proxy14.click(Unknown Source)
at com.gearvault.pages.BasePage.click(BasePage.java:55)
at com.gearvault.pages.ProductDetailPage.clickAddToCart(ProductDetailPage.java:140)
at com.gearvault.tests.CartTest.addOneProductToCart(CartTest.java:32)
at com.gearvault.tests.CartTest.testAddProductToCart(CartTest.java:68)
at java.base/java.util.ArrayList.forEach(ArrayList.java:1596)
... Removed 34 stack frames]]>
    </failure>
  </testcase> <!-- testAddProductToCart -->
  <testcase classname="com.gearvault.tests.CartTest" name="testEmptyCartState" time="0.685"/>
  <testcase classname="com.gearvault.tests.CartTest" name="testProceedToCheckout" time="2.076">
    <failure type="org.openqa.selenium.ElementClickInterceptedException" message="element click intercepted: Element is not clickable at point (381, 532)
  (Session info: chrome=148.0.7778.217)
Build info: version: &amp;apos;4.18.1&amp;apos;, revision: &amp;apos;b1d3319b48&amp;apos;
System info: os.name: &amp;apos;Windows 11&amp;apos;, os.arch: &amp;apos;amd64&amp;apos;, os.version: &amp;apos;10.0&amp;apos;, java.version: &amp;apos;21.0.11&amp;apos;
Driver info: org.openqa.selenium.chrome.ChromeDriver
Command: [ae81c19f76379e3d052072b9c65ffe4c, clickElement {id=f.3A5866806D3B82B4A5FA467D6CD1C2F0.d.8F1504BB35A83AA25DB71A5D91A1BAB1.e.6}]
Capabilities {acceptInsecureCerts: false, browserName: chrome, browserVersion: 148.0.7778.217, chrome: {chromedriverVersion: 148.0.7778.178 (d096af1c9e9..., userDataDir: C:\Users\ACER\AppData\Local...}, fedcm:accounts: true, goog:chromeOptions: {debuggerAddress: localhost:65316}, goog:processID: 29224, networkConnectionEnabled: false, pageLoadStrategy: normal, platformName: windows, proxy: Proxy(), se:cdp: ws://localhost:65316/devtoo..., se:cdpVersion: 148.0.7778.217, setWindowRect: true, strictFileInteractability: false, timeouts: {implicit: 0, pageLoad: 300000, script: 30000}, unhandledPromptBehavior: dismiss and notify, webauthn:extension:credBlob: true, webauthn:extension:largeBlob: true, webauthn:extension:minPinLength: true, webauthn:extension:prf: true, webauthn:virtualAuthenticators: true}
Element: [[ChromeDriver: chrome on windows (ae81c19f76379e3d052072b9c65ffe4c)] -&amp;gt; xpath: //button[@type=&amp;apos;submit&amp;apos;]]
Session ID: ae81c19f76379e3d052072b9c65ffe4c">
      <![CDATA[org.openqa.selenium.ElementClickInterceptedException: element click intercepted: Element is not clickable at point (381, 532)
  (Session info: chrome=148.0.7778.217)
Build info: version: '4.18.1', revision: 'b1d3319b48'
System info: os.name: 'Windows 11', os.arch: 'amd64', os.version: '10.0', java.version: '21.0.11'
Driver info: org.openqa.selenium.chrome.ChromeDriver
Command: [ae81c19f76379e3d052072b9c65ffe4c, clickElement {id=f.3A5866806D3B82B4A5FA467D6CD1C2F0.d.8F1504BB35A83AA25DB71A5D91A1BAB1.e.6}]
Capabilities {acceptInsecureCerts: false, browserName: chrome, browserVersion: 148.0.7778.217, chrome: {chromedriverVersion: 148.0.7778.178 (d096af1c9e9..., userDataDir: C:\Users\ACER\AppData\Local...}, fedcm:accounts: true, goog:chromeOptions: {debuggerAddress: localhost:65316}, goog:processID: 29224, networkConnectionEnabled: false, pageLoadStrategy: normal, platformName: windows, proxy: Proxy(), se:cdp: ws://localhost:65316/devtoo..., se:cdpVersion: 148.0.7778.217, setWindowRect: true, strictFileInteractability: false, timeouts: {implicit: 0, pageLoad: 300000, script: 30000}, unhandledPromptBehavior: dismiss and notify, webauthn:extension:credBlob: true, webauthn:extension:largeBlob: true, webauthn:extension:minPinLength: true, webauthn:extension:prf: true, webauthn:virtualAuthenticators: true}
Element: [[ChromeDriver: chrome on windows (ae81c19f76379e3d052072b9c65ffe4c)] -> xpath: //button[@type='submit']]
Session ID: ae81c19f76379e3d052072b9c65ffe4c
at org.openqa.selenium.remote.ErrorCodec.decode(ErrorCodec.java:167)
at org.openqa.selenium.remote.codec.w3c.W3CHttpResponseCodec.decode(W3CHttpResponseCodec.java:138)
at org.openqa.selenium.remote.codec.w3c.W3CHttpResponseCodec.decode(W3CHttpResponseCodec.java:50)
at org.openqa.selenium.remote.HttpCommandExecutor.execute(HttpCommandExecutor.java:190)
at org.openqa.selenium.remote.service.DriverCommandExecutor.invokeExecute(DriverCommandExecutor.java:216)
at org.openqa.selenium.remote.service.DriverCommandExecutor.execute(DriverCommandExecutor.java:174)
at org.openqa.selenium.remote.RemoteWebDriver.execute(RemoteWebDriver.java:519)
at org.openqa.selenium.remote.RemoteWebElement.execute(RemoteWebElement.java:223)
at org.openqa.selenium.remote.RemoteWebElement.click(RemoteWebElement.java:76)
at org.openqa.selenium.support.pagefactory.internal.LocatingElementHandler.invoke(LocatingElementHandler.java:51)
at jdk.proxy2/jdk.proxy2.$Proxy14.click(Unknown Source)
at com.gearvault.pages.BasePage.click(BasePage.java:55)
at com.gearvault.pages.LoginPage.login(LoginPage.java:72)
at com.gearvault.tests.BaseTest.loginAsUser(BaseTest.java:122)
at com.gearvault.tests.CartTest.testProceedToCheckout(CartTest.java:234)
at java.base/java.util.ArrayList.forEach(ArrayList.java:1596)
... Removed 34 stack frames]]>
    </failure>
  </testcase> <!-- testProceedToCheckout -->
  <testcase classname="com.gearvault.tests.BaseTest" name="@BeforeSuite setUpSuite" time="0.0">
    <ignored/>
  </testcase> <!-- @BeforeSuite setUpSuite -->
  <testcase classname="com.gearvault.tests.CartTest" name="testApplyInvalidCoupon" time="0.0">
    <ignored/>
  </testcase> <!-- testApplyInvalidCoupon -->
  <testcase classname="com.gearvault.tests.LoginTest" name="testTogglePasswordVisibility" time="0.0">
    <ignored/>
  </testcase> <!-- testTogglePasswordVisibility -->
  <testcase classname="com.gearvault.tests.ProductTest" name="testProductSearch" time="0.0">
    <ignored/>
  </testcase> <!-- testProductSearch -->
  <testcase classname="com.gearvault.tests.BaseTest" name="@AfterSuite tearDownSuite" time="0.0">
    <ignored/>
  </testcase> <!-- @AfterSuite tearDownSuite -->
  <testcase classname="com.gearvault.tests.LoginTest" name="testLoginFailWrongPassword" time="0.0">
    <ignored/>
  </testcase> <!-- testLoginFailWrongPassword -->
  <testcase classname="com.gearvault.tests.LoginTest" name="testNavigateToRegister" time="0.0">
    <ignored/>
  </testcase> <!-- testNavigateToRegister -->
  <testcase classname="com.gearvault.tests.ProductTest" name="testQuantityControls" time="0.0">
    <ignored/>
  </testcase> <!-- testQuantityControls -->
  <testcase classname="com.gearvault.tests.LoginTest" name="testLoginFailWrongEmail" time="0.0">
    <ignored/>
  </testcase> <!-- testLoginFailWrongEmail -->
  <testcase classname="com.gearvault.tests.RegisterTest" name="testRegisterEmptyFormShowsErrors" time="0.0">
    <ignored/>
  </testcase> <!-- testRegisterEmptyFormShowsErrors -->
  <testcase classname="com.gearvault.tests.BaseTest" name="@BeforeSuite setUpSuite" time="0.0">
    <ignored/>
  </testcase> <!-- @BeforeSuite setUpSuite -->
  <testcase classname="com.gearvault.tests.LoginTest" name="testDemoUserButton" time="0.0">
    <ignored/>
  </testcase> <!-- testDemoUserButton -->
  <testcase classname="com.gearvault.tests.BaseTest" name="@BeforeSuite setUpSuite" time="0.0">
    <ignored/>
  </testcase> <!-- @BeforeSuite setUpSuite -->
  <testcase classname="com.gearvault.tests.RegisterTest" name="testPasswordStrengthIndicator" time="0.0">
    <ignored/>
  </testcase> <!-- testPasswordStrengthIndicator -->
  <testcase classname="com.gearvault.tests.ProductTest" name="testNavbarSearch" time="0.0">
    <ignored/>
  </testcase> <!-- testNavbarSearch -->
  <testcase classname="com.gearvault.tests.RegisterTest" name="testPasswordTooShort" time="0.0">
    <ignored/>
  </testcase> <!-- testPasswordTooShort -->
  <testcase classname="com.gearvault.tests.LoginTest" name="testEmailValidationInvalidFormat" time="0.0">
    <ignored/>
  </testcase> <!-- testEmailValidationInvalidFormat -->
  <testcase classname="com.gearvault.tests.RegisterTest" name="testTermsNotChecked" time="0.0">
    <ignored/>
  </testcase> <!-- testTermsNotChecked -->
  <testcase classname="com.gearvault.tests.BaseTest" name="@AfterSuite tearDownSuite" time="0.0">
    <ignored/>
  </testcase> <!-- @AfterSuite tearDownSuite -->
  <testcase classname="com.gearvault.tests.ProductTest" name="testProductDetailTabs" time="0.0">
    <ignored/>
  </testcase> <!-- testProductDetailTabs -->
  <testcase classname="com.gearvault.tests.CartTest" name="testApplyValidCoupon" time="0.0">
    <ignored/>
  </testcase> <!-- testApplyValidCoupon -->
  <testcase classname="com.gearvault.tests.RegisterTest" name="testPasswordMismatch" time="0.0">
    <ignored/>
  </testcase> <!-- testPasswordMismatch -->
  <testcase classname="com.gearvault.tests.CartTest" name="testRemoveItemFromCart" time="0.0">
    <ignored/>
  </testcase> <!-- testRemoveItemFromCart -->
  <testcase classname="com.gearvault.tests.LoginTest" name="testDemoAdminButton" time="0.0">
    <ignored/>
  </testcase> <!-- testDemoAdminButton -->
  <testcase classname="com.gearvault.tests.BaseTest" name="@AfterSuite tearDownSuite" time="0.0">
    <ignored/>
  </testcase> <!-- @AfterSuite tearDownSuite -->
  <testcase classname="com.gearvault.tests.ProductTest" name="testProductSearchNoResults" time="0.0">
    <ignored/>
  </testcase> <!-- testProductSearchNoResults -->
  <testcase classname="com.gearvault.tests.RegisterTest" name="testNameTooShort" time="0.0">
    <ignored/>
  </testcase> <!-- testNameTooShort -->
  <testcase classname="com.gearvault.tests.ProductTest" name="testRelatedProductsDisplayed" time="0.0">
    <ignored/>
  </testcase> <!-- testRelatedProductsDisplayed -->
  <testcase classname="com.gearvault.tests.CartTest" name="testCheckoutRequiresLogin" time="0.0">
    <ignored/>
  </testcase> <!-- testCheckoutRequiresLogin -->
  <testcase classname="com.gearvault.tests.RegisterTest" name="testNavigateToLogin" time="0.0">
    <ignored/>
  </testcase> <!-- testNavigateToLogin -->
  <testcase classname="com.gearvault.tests.CartTest" name="testShippingCostDisplayed" time="0.0">
    <ignored/>
  </testcase> <!-- testShippingCostDisplayed -->
  <testcase classname="com.gearvault.tests.ProductTest" name="testProductDetailPageInfo" time="0.0">
    <ignored/>
  </testcase> <!-- testProductDetailPageInfo -->
  <testcase classname="com.gearvault.tests.CartTest" name="testIncreaseQuantityInCart" time="0.0">
    <ignored/>
  </testcase> <!-- testIncreaseQuantityInCart -->
</testsuite> <!-- Smoke Tests -->
